#
# There is insufficient memory for the Java Runtime Environment to continue.
# Native memory allocation (mmap) failed to map 58720256 bytes for G1 virtual space
# Possible reasons:
#   The system is out of physical RAM or swap space
#   The process is running with CompressedOops enabled, and the Java Heap may be blocking the growth of the native heap
# Possible solutions:
#   Reduce memory load on the system
#   Increase physical memory or swap space
#   Check if swap backing store is full
#   Decrease Java heap size (-Xmx/-Xms)
#   Decrease number of Java threads
#   Decrease Java thread stack sizes (-Xss)
#   Set larger code cache with -XX:ReservedCodeCacheSize=
#   JVM is running with Unscaled Compressed Oops mode in which the Java heap is
#     placed in the first 4GB address space. The Java Heap base address is the
#     maximum limit for the native heap growth. Please use -XX:HeapBaseMinAddress
#     to set the Java Heap base and to place the Java Heap above 4GB virtual address.
# This output file may be truncated or incomplete.
#
#  Out of Memory Error (os_windows.cpp:3532), pid=9484, tid=9504
#
# JRE version:  (17.0.2+8) (build )
# Java VM: Java HotSpot(TM) 64-Bit Server VM (17.0.2+8-LTS-86, mixed mode, sharing, tiered, compressed oops, compressed class ptrs, g1 gc, windows-amd64)
# No core dump will be written. Minidumps are not enabled by default on client versions of Windows
#

---------------  S U M M A R Y ------------

Command Line: -XX:+ShowCodeDetailsInExceptionMessages BankGUI

Host: AMD A8-7410 APU with AMD Radeon R5 Graphics    , 4 cores, 3G,  Windows 10 , 64 bit Build 18362 (10.0.18362.86)
Time: Tue Apr 25 08:29:29 2023 Nepal Standard Time elapsed time: 0.063455 seconds (0d 0h 0m 0s)

---------------  T H R E A D  ---------------

Current thread (0x000001878abec050):  JavaThread "Unknown thread" [_thread_in_vm, id=9504, stack(0x0000002b49100000,0x0000002b49200000)]

Stack: [0x0000002b49100000,0x0000002b49200000]
Native frames: (J=compiled Java code, j=interpreted, Vv=VM code, C=native code)
V  [jvm.dll+0x670baa]
V  [jvm.dll+0x7cfcb4]
V  [jvm.dll+0x7d145e]
V  [jvm.dll+0x7d1ac3]
V  [jvm.dll+0x242bc5]
V  [jvm.dll+0x66dac9]
V  [jvm.dll+0x662412]
V  [jvm.dll+0x300c0b]
V  [jvm.dll+0x3081a6]
V  [jvm.dll+0x357d0e]
V  [jvm.dll+0x357f3f]
V  [jvm.dll+0x2d7ec8]
V  [jvm.dll+0x2d8e34]
V  [jvm.dll+0x7a18c1]
V  [jvm.dll+0x365a91]
V  [jvm.dll+0x780d2c]
V  [jvm.dll+0x3e845f]
V  [jvm.dll+0x3e9f01]
C  [jli.dll+0x527b]
C  [ucrtbase.dll+0x1d912]
C  [KERNEL32.DLL+0x17bd4]
C  [ntdll.dll+0x6ce71]


---------------  P R O C E S S  ---------------

Threads class SMR info:
_java_thread_list=0x00007ffc31789858, length=0, elements={
}

Java Threads: ( => current thread )

Other Threads:
  0x000001878ac187d0 GCTaskThread "GC Thread#0" [stack: 0x0000002b49200000,0x0000002b49300000] [id=1756]
  0x000001878ac21a20 ConcurrentGCThread "G1 Main Marker" [stack: 0x0000002b49300000,0x0000002b49400000] [id=3956]
  0x000001878ac22bd0 ConcurrentGCThread "G1 Conc#0" [stack: 0x0000002b49400000,0x0000002b49500000] [id=9520]

[error occurred during error reporting (printing all threads), id 0xc0000005, EXCEPTION_ACCESS_VIOLATION (0xc0000005) at pc=0x00007ffc30fd88a7]

VM state: not at safepoint (not fully initialized)

VM Mutex/Monitor currently owned by a thread:  ([mutex/lock_event])
[0x000001878abe8a40] Heap_lock - owner thread: 0x000001878abec050

Heap address: 0x00000000c8800000, size: 888 MB, Compressed Oops mode: 32-bit

CDS archive(s) mapped at: [0x0000000000000000-0x0000000000000000-0x0000000000000000), size 0, SharedBaseAddress: 0x0000000800000000, ArchiveRelocationMode: 0.
Narrow klass base: 0x0000000000000000, Narrow klass shift: 0, Narrow klass range: 0x0

GC Precious Log:
<Empty>

Heap:
 garbage-first heap   total 0K, used 0K [0x00000000c8800000, 0x0000000100000000)
  region size 1024K, 0 young (0K), 0 survivors (0K)

[error occurred during error reporting (printing heap information), id 0xc0000005, EXCEPTION_ACCESS_VIOLATION (0xc0000005) at pc=0x00007ffc313b9f19]

GC Heap History (0 events):
No events

Deoptimization events (0 events):
No events

Classes unloaded (0 events):
No events

Classes redefined (0 events):
No events

Internal exceptions (0 events):
No events

VM Operations (0 events):
No events

Events (1 events):
Event: 0.019 Loaded shared library C:\Program Files\Java\jdk-17.0.2\bin\java.dll


Dynamic libraries:
0x00007ff71baa0000 - 0x00007ff71bab0000 	C:\Program Files\Java\jdk-17.0.2\bin\java.exe
0x00007ffc882a0000 - 0x00007ffc88490000 	C:\Windows\SYSTEM32\ntdll.dll
0x00007ffc87ed0000 - 0x00007ffc87f82000 	C:\Windows\System32\KERNEL32.DLL
0x00007ffc85480000 - 0x00007ffc85723000 	C:\Windows\System32\KERNELBASE.dll
0x00007ffc85790000 - 0x00007ffc8588a000 	C:\Windows\System32\ucrtbase.dll
0x00007ffc7dab0000 - 0x00007ffc7dac8000 	C:\Program Files\Java\jdk-17.0.2\bin\jli.dll
0x00007ffc864c0000 - 0x00007ffc86563000 	C:\Windows\System32\ADVAPI32.dll
0x00007ffc87940000 - 0x00007ffc879de000 	C:\Windows\System32\msvcrt.dll
0x00007ffc871c0000 - 0x00007ffc87257000 	C:\Windows\System32\sechost.dll
0x00007ffc88140000 - 0x00007ffc88260000 	C:\Windows\System32\RPCRT4.dll
0x00007ffc87740000 - 0x00007ffc878d3000 	C:\Windows\System32\USER32.dll
0x00007ffc85730000 - 0x00007ffc85751000 	C:\Windows\System32\win32u.dll
0x00007ffc87cf0000 - 0x00007ffc87d16000 	C:\Windows\System32\GDI32.dll
0x00007ffc85230000 - 0x00007ffc853c4000 	C:\Windows\System32\gdi32full.dll
0x00007ffc85a90000 - 0x00007ffc85b2e000 	C:\Windows\System32\msvcp_win.dll
0x00007ffc7da90000 - 0x00007ffc7daaa000 	C:\Program Files\Java\jdk-17.0.2\bin\VCRUNTIME140.dll
0x00007ffc78200000 - 0x00007ffc78485000 	C:\Windows\WinSxS\amd64_microsoft.windows.common-controls_6595b64144ccf1df_6.0.18362.175_none_e6c3ab1f131014c9\COMCTL32.dll
0x00007ffc75840000 - 0x00007ffc7584a000 	C:\Windows\SYSTEM32\VERSION.dll
0x00007ffc86c80000 - 0x00007ffc86fb6000 	C:\Windows\System32\combase.dll
0x00007ffc85b30000 - 0x00007ffc85bb1000 	C:\Windows\System32\bcryptPrimitives.dll
0x00007ffc86c50000 - 0x00007ffc86c7e000 	C:\Windows\System32\IMM32.DLL
0x00007ffc7e520000 - 0x00007ffc7e52c000 	C:\Program Files\Java\jdk-17.0.2\bin\vcruntime140_1.dll
0x00007ffc4dbb0000 - 0x00007ffc4dc3d000 	C:\Program Files\Java\jdk-17.0.2\bin\msvcp140.dll
0x00007ffc30cf0000 - 0x00007ffc318b1000 	C:\Program Files\Java\jdk-17.0.2\bin\server\jvm.dll
0x00007ffc87e60000 - 0x00007ffc87e68000 	C:\Windows\System32\PSAPI.DLL
0x00007ffc7da80000 - 0x00007ffc7da89000 	C:\Windows\SYSTEM32\WSOCK32.dll
0x00007ffc87a70000 - 0x00007ffc87adf000 	C:\Windows\System32\WS2_32.dll
0x00007ffc81e80000 - 0x00007ffc81ea4000 	C:\Windows\SYSTEM32\WINMM.dll
0x00007ffc81e50000 - 0x00007ffc81e7d000 	C:\Windows\SYSTEM32\WINMMBASE.dll
0x00007ffc859e0000 - 0x00007ffc85a2a000 	C:\Windows\System32\cfgmgr32.dll
0x00007ffc85210000 - 0x00007ffc85221000 	C:\Windows\System32\kernel.appcore.dll
0x00007ffc7da70000 - 0x00007ffc7da7a000 	C:\Program Files\Java\jdk-17.0.2\bin\jimage.dll
0x00007ffc7c170000 - 0x00007ffc7c364000 	C:\Windows\SYSTEM32\DBGHELP.DLL
0x00007ffc76150000 - 0x00007ffc7617a000 	C:\Windows\SYSTEM32\dbgcore.DLL
0x00007ffc7ad70000 - 0x00007ffc7ad95000 	C:\Program Files\Java\jdk-17.0.2\bin\java.dll

dbghelp: loaded successfully - version: 4.0.5 - missing functions: none
symbol engine: initialized successfully - sym options: 0x614 - pdb path: .;C:\Program Files\Java\jdk-17.0.2\bin;C:\Windows\SYSTEM32;C:\Windows\WinSxS\amd64_microsoft.windows.common-controls_6595b64144ccf1df_6.0.18362.175_none_e6c3ab1f131014c9;C:\Program Files\Java\jdk-17.0.2\bin\server

VM Arguments:
jvm_args: -XX:+ShowCodeDetailsInExceptionMessages 
java_command: BankGUI
java_class_path (initial): C:\Users\ashok\AppData\Roaming\Code\User\workspaceStorage\e19059bd8d059a973ef19f4fe69592de\redhat.java\jdt_ws\courseWork Java_97a2e827\bin
Launcher Type: SUN_STANDARD

[Global flags]
     intx CICompilerCount                          = 3                                         {product} {ergonomic}
     uint ConcGCThreads                            = 1                                         {product} {ergonomic}
     uint G1ConcRefinementThreads                  = 4                                         {product} {ergonomic}
   size_t G1HeapRegionSize                         = 1048576                                   {product} {ergonomic}
    uintx GCDrainStackTargetSize                   = 64                                        {product} {ergonomic}
   size_t InitialHeapSize                          = 58720256                                  {product} {ergonomic}
   size_t MarkStackSize                            = 4194304                                   {product} {ergonomic}
   size_t MaxHeapSize                              = 931135488                                 {product} {ergonomic}
   size_t MinHeapDeltaBytes                        = 1048576                                   {product} {ergonomic}
   size_t MinHeapSize                              = 8388608                                   {product} {ergonomic}
    uintx NonNMethodCodeHeapSize                   = 5832780                                {pd product} {ergonomic}
    uintx NonProfiledCodeHeapSize                  = 122912730                              {pd product} {ergonomic}
    uintx ProfiledCodeHeapSize                     = 122912730                              {pd product} {ergonomic}
    uintx ReservedCodeCacheSize                    = 251658240                              {pd product} {ergonomic}
     bool SegmentedCodeCache                       = true                                      {product} {ergonomic}
     bool ShowCodeDetailsInExceptionMessages       = true                                   {manageable} {command line}
   size_t SoftMaxHeapSize                          = 931135488                              {manageable} {ergonomic}
     bool UseCompressedClassPointers               = true                           {product lp64_product} {ergonomic}
     bool UseCompressedOops                        = true                           {product lp64_product} {ergonomic}
     bool UseG1GC                                  = true                                      {product} {ergonomic}
     bool UseLargePagesIndividualAllocation        = false                                  {pd product} {ergonomic}

Logging:
Log output configuration:
 #0: stdout all=warning uptime,level,tags
 #1: stderr all=off uptime,level,tags

Environment Variables:
PATH=C:\Program Files\Common Files\Oracle\Java\javapath;C:\Windows\system32;C:\Windows;C:\Windows\System32\Wbem;C:\Windows\System32\WindowsPowerShell\v1.0\;C:\Windows\System32\OpenSSH\;C:\Program Files\RedHat\java-1.8.0-openjdk-1.8.0.362-1\bin;C:\Program Files\RedHat\java-1.8.0-openjdk-1.8.0.362-1\jre\bin;C:\Program Files\Java\jdk-17.0.2\bin;C:\Users\ashok\AppData\Local\Microsoft\WindowsApps;;C:\Users\ashok\AppData\Local\Programs\Microsoft VS Code\bin
USERNAME=ashok
LANG=en_US.UTF-8
OS=Windows_NT
PROCESSOR_IDENTIFIER=AMD64 Family 22 Model 48 Stepping 1, AuthenticAMD



---------------  S Y S T E M  ---------------

OS:
 Windows 10 , 64 bit Build 18362 (10.0.18362.86)
OS uptime: 0 days 18:15 hours

CPU: total 4 (initial active 4) (4 cores per cpu, 1 threads per core) family 22 model 48 stepping 1 microcode 0x0, cx8, cmov, fxsr, mmx, 3dnowpref, sse, sse2, sse3, ssse3, sse4a, sse4.1, sse4.2, popcnt, lzcnt, tsc, tscinvbit, avx, aes, clmul, bmi1, vzeroupper, clflush

Memory: 4k page, system-wide physical 3545M (63M free)
TotalPageFile size 6545M (AvailPageFile size 6M)
current process WorkingSet (physical memory assigned to process): 9M, peak: 9M
current process commit charge ("private bytes"): 51M, peak: 107M

vm_info: Java HotSpot(TM) 64-Bit Server VM (17.0.2+8-LTS-86) for windows-amd64 JRE (17.0.2+8-LTS-86), built on Dec  7 2021 21:51:03 by "mach5one" with MS VC++ 16.8 / 16.9 (VS2019)

END.
